2022-03-08 15:21:08 [@MBP-de-MAC.mshome.net]
Internal #1: Launch createinquest
2022-03-08 15:26:53 [2@MBP-de-MAC.mshome.net]
Interne #1 : Démarrage watcher
2022-03-08 15:27:07 [@MBP-de-MAC.mshome.net]
Internal #1: Launch ticketrecurrent
2022-03-08 15:47:05 [@MBP-de-MAC.mshome.net]
Internal #1: Launch planningrecall
2022-03-08 15:55:12 [@MBP-de-MAC.mshome.net]
Internal #1: Launch queuednotification
2022-03-08 16:01:00 [@MBP-de-MAC.mshome.net]
Internal #1: Launch queuednotificationclean
2022-03-08 16:10:06 [@MBP-de-MAC.mshome.net]
Internal #1: Launch temp
2022-03-08 16:17:33 [@MBP-de-MAC.mshome.net]
Internal #1: Launch mailgateerror
2022-03-08 16:17:55 [@MBP-de-MAC.mshome.net]
Internal #1: Launch contract
2022-03-08 16:18:15 [@MBP-de-MAC.mshome.net]
Internal #1: Launch infocom
2022-03-08 16:19:24 [@MBP-de-MAC.mshome.net]
Internal #1: Launch mailgate
2022-03-08 16:39:18 [@MBP-de-MAC.mshome.net]
Internal #1: Launch session
2022-03-08 16:39:58 [@MBP-de-MAC.mshome.net]
Internal #1: Launch graph
2022-03-08 16:40:43 [@MBP-de-MAC.mshome.net]
Internal #1: Launch reservation
2022-03-08 16:40:48 [@MBP-de-MAC.mshome.net]
Internal #1: Launch closeticket
2022-03-08 16:47:41 [@MBP-de-MAC.mshome.net]
Internal #1: Launch alertnotclosed
2022-03-09 08:37:06 [@MBP-de-MAC.mshome.net]
Interne #1 : Démarrage slaticket
2022-03-09 08:37:15 [@MBP-de-MAC.mshome.net]
Interne #1 : Démarrage olaticket
2022-03-09 08:37:46 [@MBP-de-MAC.mshome.net]
Interne #1 : Démarrage planningrecall
2022-03-09 08:38:41 [@MBP-de-MAC.mshome.net]
Interne #1 : Démarrage queuednotification
2022-03-09 08:40:27 [@MBP-de-MAC.mshome.net]
Interne #1 : Démarrage ticketrecurrent
2022-03-09 08:41:25 [@MBP-de-MAC.mshome.net]
Interne #1 : Démarrage mailgate
2022-03-09 09:00:48 [@MBP-de-MAC.mshome.net]
Interne #1 : Démarrage temp
2022-03-09 10:55:21 [@MBP-de-MAC.mshome.net]
Interne #1 : Démarrage graph
2022-03-09 10:55:58 [@MBP-de-MAC.mshome.net]
Interne #1 : Démarrage reservation
2022-03-09 10:56:21 [@MBP-de-MAC.mshome.net]
Interne #1 : Démarrage closeticket
2022-03-09 10:56:54 [@MBP-de-MAC.mshome.net]
Interne #1 : Démarrage alertnotclosed
2022-03-09 11:10:11 [@MBP-de-MAC.mshome.net]
Interne #1 : Démarrage queuednotification
2022-03-09 11:10:42 [@MBP-de-MAC.mshome.net]
Interne #1 : Démarrage slaticket
2022-03-09 11:11:04 [@MBP-de-MAC.mshome.net]
Interne #1 : Démarrage planningrecall
2022-03-09 11:11:26 [@MBP-de-MAC.mshome.net]
Interne #1 : Démarrage olaticket
2022-03-09 11:12:47 [@MBP-de-MAC.mshome.net]
Interne #1 : Démarrage mailgate
2022-03-09 11:13:10 [@MBP-de-MAC.mshome.net]
Interne #1 : Démarrage ticketrecurrent
2022-03-09 11:13:19 [@MBP-de-MAC.mshome.net]
Interne #1 : Démarrage temp
2022-03-09 11:21:20 [@MBP-de-MAC.mshome.net]
Interne #1 : Démarrage queuednotification
2022-03-09 11:21:54 [@MBP-de-MAC.mshome.net]
Interne #1 : Démarrage slaticket
2022-03-09 11:22:16 [@MBP-de-MAC.mshome.net]
Interne #1 : Démarrage planningrecall
2022-03-09 11:23:31 [@MBP-de-MAC.mshome.net]
Interne #1 : Démarrage olaticket
2022-03-09 15:17:19 [@MBP-de-MAC.mshome.net]
Interne #1 : Démarrage mailgate
2022-03-09 15:21:24 [@MBP-de-MAC.mshome.net]
Interne #1 : Démarrage queuednotification
2022-03-09 15:21:26 [@MBP-de-MAC.mshome.net]
Interne #1 : Démarrage slaticket
2022-03-09 15:21:45 [@MBP-de-MAC.mshome.net]
Interne #1 : Démarrage planningrecall
2022-03-09 15:21:50 [@MBP-de-MAC.mshome.net]
Interne #1 : Démarrage olaticket
2022-03-09 15:21:59 [@MBP-de-MAC.mshome.net]
Interne #1 : Démarrage graph
2022-03-09 15:23:03 [@MBP-de-MAC.mshome.net]
Interne #1 : Démarrage reservation
2022-03-09 15:23:06 [@MBP-de-MAC.mshome.net]
Interne #1 : Démarrage ticketrecurrent
2022-03-09 15:24:19 [@MBP-de-MAC.mshome.net]
Interne #1 : Démarrage temp
2022-03-09 15:24:26 [@MBP-de-MAC.mshome.net]
Interne #1 : Démarrage createinquest
2022-03-09 15:24:36 [@MBP-de-MAC.mshome.net]
Interne #1 : Démarrage queuednotification
2022-03-09 15:52:51 [@MBP-de-MAC.mshome.net]
Interne #1 : Démarrage queuednotification
2022-03-09 15:53:36 [@MBP-de-MAC.mshome.net]
Interne #1 : Démarrage slaticket
2022-03-09 16:02:23 [@MBP-de-MAC.mshome.net]
Interne #1 : Démarrage watcher
2022-03-09 16:03:35 [@MBP-de-MAC.mshome.net]
Interne #1 : Démarrage planningrecall
2022-03-09 16:04:00 [@MBP-de-MAC.mshome.net]
Interne #1 : Démarrage olaticket
2022-03-09 16:05:11 [@MBP-de-MAC.mshome.net]
Interne #1 : Démarrage mailgate
2022-03-09 16:05:15 [@MBP-de-MAC.mshome.net]
Interne #1 : Démarrage queuednotification
2022-03-09 16:05:17 [@MBP-de-MAC.mshome.net]
Interne #1 : Démarrage slaticket
2022-03-09 16:06:14 [@MBP-de-MAC.mshome.net]
Interne #1 : Démarrage queuednotificationclean
2022-03-09 16:06:46 [@MBP-de-MAC.mshome.net]
Interne #1 : Démarrage queuednotification
2022-03-09 16:08:42 [@MBP-de-MAC.mshome.net]
Interne #1 : Démarrage queuednotification
2022-03-09 16:12:47 [@MBP-de-MAC.mshome.net]
Interne #1 : Démarrage planningrecall
2022-03-09 16:13:00 [@MBP-de-MAC.mshome.net]
Interne #1 : Démarrage queuednotification
2022-03-09 16:15:16 [@MBP-de-MAC.mshome.net]
Internal #1: Launch olaticket
2022-03-09 16:16:51 [@MBP-de-MAC.mshome.net]
Interne #1 : Démarrage slaticket
2022-03-09 16:17:18 [@MBP-de-MAC.mshome.net]
Interne #1 : Démarrage queuednotification
2022-03-09 16:18:24 [@MBP-de-MAC.mshome.net]
Interne #1 : Démarrage mailgate
2022-03-09 16:18:38 [@MBP-de-MAC.mshome.net]
Interne #1 : Démarrage contract
2022-03-09 16:29:57 [@MBP-de-MAC.mshome.net]
Interne #1 : Démarrage planningrecall
2022-03-09 16:30:22 [@MBP-de-MAC.mshome.net]
Interne #1 : Démarrage mailgateerror
2022-03-09 16:30:52 [@MBP-de-MAC.mshome.net]
Interne #1 : Démarrage infocom
2022-03-09 16:32:04 [@MBP-de-MAC.mshome.net]
Interne #1 : Démarrage queuednotification
2022-03-09 16:38:42 [@MBP-de-MAC.mshome.net]
Interne #1 : Démarrage olaticket
2022-03-09 16:39:03 [@MBP-de-MAC.mshome.net]
Interne #1 : Démarrage graph
2022-03-09 16:39:14 [@MBP-de-MAC.mshome.net]
Interne #1 : Démarrage slaticket
2022-03-09 16:39:22 [@MBP-de-MAC.mshome.net]
Interne #1 : Démarrage reservation
2022-03-09 16:39:30 [@MBP-de-MAC.mshome.net]
Interne #1 : Démarrage ticketrecurrent
2022-03-09 16:42:53 [@MBP-de-MAC.mshome.net]
Interne #1 : Démarrage temp
2022-03-09 16:43:26 [@MBP-de-MAC.mshome.net]
Interne #1 : Démarrage mailgate
2022-03-09 16:44:41 [@MBP-de-MAC.mshome.net]
Interne #1 : Démarrage queuednotification
2022-03-09 19:29:15 [@MBP-de-MAC.mshome.net]
Interne #1 : Démarrage planningrecall
2022-03-09 19:29:25 [@MBP-de-MAC.mshome.net]
Interne #1 : Démarrage session
2022-03-09 19:29:37 [@MBP-de-MAC.mshome.net]
Interne #1 : Démarrage olaticket
2022-03-09 19:29:52 [@MBP-de-MAC.mshome.net]
Interne #1 : Démarrage slaticket
2022-03-09 19:29:55 [@MBP-de-MAC.mshome.net]
Interne #1 : Démarrage queuednotification
2022-03-09 19:30:04 [@MBP-de-MAC.mshome.net]
Interne #1 : Démarrage mailgate
2022-03-09 19:30:19 [@MBP-de-MAC.mshome.net]
Interne #1 : Démarrage graph
2022-03-09 19:30:45 [@MBP-de-MAC.mshome.net]
Interne #1 : Démarrage reservation
2022-03-11 14:11:57 [@MBP-de-MAC]
Interne #1 : Démarrage temp
2022-03-11 14:12:33 [@MBP-de-MAC]
Interne #1 : Démarrage session
2022-03-11 14:12:45 [@MBP-de-MAC]
Interne #1 : Démarrage closeticket
2022-03-11 14:14:02 [@MBP-de-MAC]
Interne #1 : Démarrage alertnotclosed
2022-03-11 14:18:54 [@MBP-de-MAC]
Interne #1 : Démarrage planningrecall
2022-03-11 14:19:09 [@MBP-de-MAC]
Interne #1 : Démarrage olaticket
2022-03-11 14:19:11 [@MBP-de-MAC]
Interne #1 : Démarrage queuednotification
2022-03-11 14:20:00 [@MBP-de-MAC]
Interne #1 : Démarrage slaticket
2022-03-11 14:20:35 [@MBP-de-MAC]
Interne #1 : Démarrage mailgate
2022-03-11 14:21:21 [@MBP-de-MAC]
Interne #1 : Démarrage graph
2022-03-11 14:22:10 [@MBP-de-MAC]
Internal #1: Launch reservation
2022-03-11 14:22:53 [@MBP-de-MAC]
Interne #1 : Démarrage ticketrecurrent
2022-03-11 14:23:14 [@MBP-de-MAC]
Interne #1 : Démarrage queuednotification
2022-03-11 14:23:55 [@MBP-de-MAC]
Internal #1: Launch planningrecall
2022-03-11 14:27:53 [@MBP-de-MAC]
Internal #1: Launch slaticket
2022-03-11 14:28:53 [@MBP-de-MAC]
Interne #1 : Démarrage queuednotification
2022-03-11 14:29:38 [@MBP-de-MAC]
Interne #1 : Démarrage olaticket
2022-03-11 14:37:02 [@MBP-de-MAC]
Interne #1 : Démarrage planningrecall
2022-03-11 14:37:11 [@MBP-de-MAC]
Interne #1 : Démarrage queuednotification
2022-03-11 14:37:14 [@MBP-de-MAC]
Interne #1 : Démarrage mailgate
2022-03-11 14:38:18 [@MBP-de-MAC]
Interne #1 : Démarrage slaticket
2022-03-11 14:41:54 [@MBP-de-MAC]
Interne #1 : Démarrage olaticket
2022-03-11 14:42:30 [@MBP-de-MAC]
Interne #1 : Démarrage queuednotification
2022-03-11 14:43:20 [@MBP-de-MAC]
Interne #1 : Démarrage planningrecall
2022-03-11 14:43:39 [@MBP-de-MAC]
Interne #1 : Démarrage slaticket
2022-03-11 14:44:04 [@MBP-de-MAC]
Interne #1 : Démarrage queuednotification
2022-03-11 14:45:32 [@MBP-de-MAC]
Interne #1 : Démarrage queuednotification
2022-03-11 15:16:24 [@MBP-de-MAC]
Interne #1 : Démarrage queuednotification
2022-03-11 15:36:36 [@MBP-de-MAC]
Interne #1 : Démarrage olaticket
2022-03-11 15:51:04 [@MBP-de-MAC]
Interne #1 : Démarrage mailgate
